<?xml version="1.0" encoding="UTF-8"?>
<!-- Generated by org.testng.reporters.JUnitXMLReporter -->
<testsuite ignored="60" hostname="01hw1678955" failures="0" tests="5" name="Session Activity" time="248.052" errors="0" timestamp="2023-01-05T20:46:24 IST">
  <testcase classname="testCases.userRoleTestCases.userRoleSessionActivity" name="sessionActivity_verifyCompanyLogo" time="41.233"/>
  <testcase classname="testCases.userRoleTestCases.userRoleSessionActivity" name="verifySessActHostDataInGridForThisMonth" time="36.401"/>
  <testcase classname="testCases.userRoleTestCases.userRoleSessionActivity" name="verifySessAct25PerPageForThisMonth" time="36.3"/>
  <testcase classname="testCases.userRoleTestCases.userRoleSessionActivity" name="verifySessAct50PerPageForThisMonth" time="36.374"/>
  <testcase classname="testCases.userRoleTestCases.userRoleSessionActivity" name="verifySessAct100PerPageForThisMonth" time="36.234"/>
  <testcase classname="testCases.userRoleTestCases.userRoleSessionActivity" name="verifyTodaySessActINameSorting" time="0.0">
    <ignored/>
  </testcase> <!-- verifyTodaySessActINameSorting -->
  <testcase classname="testCases.userRoleTestCases.userRoleSessionActivity" name="verifyTodaySessActGuestsSorting" time="0.0">
    <ignored/>
  </testcase> <!-- verifyTodaySessActGuestsSorting -->
  <testcase classname="testCases.userRoleTestCases.userRoleSessionActivity" name="verifyThisWeekSessActGuestsSorting" time="0.0">
    <ignored/>
  </testcase> <!-- verifyThisWeekSessActGuestsSorting -->
  <testcase classname="testCases.userRoleTestCases.userRoleSessionActivity" name="verifySessAct50PerPageForToday" time="0.0">
    <ignored/>
  </testcase> <!-- verifySessAct50PerPageForToday -->
  <testcase classname="testCases.userRoleTestCases.userRoleSessionActivity" name="verifyThisMonthSessActRefIDSorting" time="0.0">
    <ignored/>
  </testcase> <!-- verifyThisMonthSessActRefIDSorting -->
  <testcase classname="testCases.userRoleTestCases.userRoleSessionActivity" name="selFromDtNToDTEmptyNSrch" time="0.0">
    <ignored/>
  </testcase> <!-- selFromDtNToDTEmptyNSrch -->
  <testcase classname="testCases.userRoleTestCases.userRoleSessionActivity" name="verifyThisWeekSessActStartTimeSorting" time="0.0">
    <ignored/>
  </testcase> <!-- verifyThisWeekSessActStartTimeSorting -->
  <testcase classname="testCases.userRoleTestCases.userRoleSessionActivity" name="verifySessAct100PerPageForThisWeek" time="0.0">
    <ignored/>
  </testcase> <!-- verifySessAct100PerPageForThisWeek -->
  <testcase classname="testCases.userRoleTestCases.userRoleSessionActivity" name="verifyThisMonthSessActINameSorting" time="0.0">
    <ignored/>
  </testcase> <!-- verifyThisMonthSessActINameSorting -->
  <testcase classname="testCases.userRoleTestCases.userRoleSessionActivity" name="verifyCustomDateSessActDurationSorting" time="0.0">
    <ignored/>
  </testcase> <!-- verifyCustomDateSessActDurationSorting -->
  <testcase classname="testCases.userRoleTestCases.userRoleSessionActivity" name="selFromDteGrtrThanToDteSessActvty" time="0.0">
    <ignored/>
  </testcase> <!-- selFromDteGrtrThanToDteSessActvty -->
  <testcase classname="testCases.userRoleTestCases.userRoleSessionActivity" name="verifyThisMonthRangeInSessActivity" time="0.0">
    <ignored/>
  </testcase> <!-- verifyThisMonthRangeInSessActivity -->
  <testcase classname="testCases.userRoleTestCases.userRoleSessionActivity" name="verifyTodaySessActTypeSorting" time="0.0">
    <ignored/>
  </testcase> <!-- verifyTodaySessActTypeSorting -->
  <testcase classname="testCases.userRoleTestCases.userRoleSessionActivity" name="verifyThisWeekSessActTypeSorting" time="0.0">
    <ignored/>
  </testcase> <!-- verifyThisWeekSessActTypeSorting -->
  <testcase classname="testCases.userRoleTestCases.userRoleSessionActivity" name="verifyDisplayOfSessionMapPageFromCustDate" time="0.0">
    <ignored/>
  </testcase> <!-- verifyDisplayOfSessionMapPageFromCustDate -->
  <testcase classname="testCases.userRoleTestCases.userRoleSessionActivity" name="verifyCustomDateSessActStartTimeSorting" time="0.0">
    <ignored/>
  </testcase> <!-- verifyCustomDateSessActStartTimeSorting -->
  <testcase classname="testCases.userRoleTestCases.userRoleSessionActivity" name="verifyCustomDateSessActTypeSorting" time="0.0">
    <ignored/>
  </testcase> <!-- verifyCustomDateSessActTypeSorting -->
  <testcase classname="testCases.userRoleTestCases.userRoleSessionActivity" name="verifyThisWeekSessActINameSorting" time="0.0">
    <ignored/>
  </testcase> <!-- verifyThisWeekSessActINameSorting -->
  <testcase classname="testCases.userRoleTestCases.userRoleSessionActivity" name="verifySessAct50PerPageForCustomDate" time="0.0">
    <ignored/>
  </testcase> <!-- verifySessAct50PerPageForCustomDate -->
  <testcase classname="testCases.userRoleTestCases.userRoleSessionActivity" name="exportSessActThisMonth" time="0.0">
    <ignored/>
  </testcase> <!-- exportSessActThisMonth -->
  <testcase classname="testCases.userRoleTestCases.userRoleSessionActivity" name="verifyThisMonthSessActTypeSorting" time="0.0">
    <ignored/>
  </testcase> <!-- verifyThisMonthSessActTypeSorting -->
  <testcase classname="testCases.userRoleTestCases.userRoleSessionActivity" name="verifyThisWeekSessActGroupSorting" time="0.0">
    <ignored/>
  </testcase> <!-- verifyThisWeekSessActGroupSorting -->
  <testcase classname="testCases.userRoleTestCases.userRoleSessionActivity" name="verifyThisMonthSessActGuestsSorting" time="0.0">
    <ignored/>
  </testcase> <!-- verifyThisMonthSessActGuestsSorting -->
  <testcase classname="testCases.userRoleTestCases.userRoleSessionActivity" name="verifyTodaySessActStartTimeSorting" time="0.0">
    <ignored/>
  </testcase> <!-- verifyTodaySessActStartTimeSorting -->
  <testcase classname="testCases.userRoleTestCases.userRoleSessionActivity" name="verifyCustomDateSessActGuestsSorting" time="0.0">
    <ignored/>
  </testcase> <!-- verifyCustomDateSessActGuestsSorting -->
  <testcase classname="testCases.userRoleTestCases.userRoleSessionActivity" name="verifyTodayRangeInSessActivity" time="0.0">
    <ignored/>
  </testcase> <!-- verifyTodayRangeInSessActivity -->
  <testcase classname="testCases.userRoleTestCases.userRoleSessionActivity" name="exportSessActSelectedRowsForThisMonth" time="0.0">
    <ignored/>
  </testcase> <!-- exportSessActSelectedRowsForThisMonth -->
  <testcase classname="testCases.userRoleTestCases.userRoleSessionActivity" name="exportSessActCustomDateData" time="0.0">
    <ignored/>
  </testcase> <!-- exportSessActCustomDateData -->
  <testcase classname="testCases.userRoleTestCases.userRoleSessionActivity" name="verifyThisMonthSessActDurationSorting" time="0.0">
    <ignored/>
  </testcase> <!-- verifyThisMonthSessActDurationSorting -->
  <testcase classname="testCases.userRoleTestCases.userRoleSessionActivity" name="verifyThisWeekSessActHostNameSorting" time="0.0">
    <ignored/>
  </testcase> <!-- verifyThisWeekSessActHostNameSorting -->
  <testcase classname="testCases.userRoleTestCases.userRoleSessionActivity" name="exportSessActThisWeek" time="0.0">
    <ignored/>
  </testcase> <!-- exportSessActThisWeek -->
  <testcase classname="testCases.userRoleTestCases.userRoleSessionActivity" name="verifyThisWeekSessActRefIDSorting" time="0.0">
    <ignored/>
  </testcase> <!-- verifyThisWeekSessActRefIDSorting -->
  <testcase classname="testCases.userRoleTestCases.userRoleSessionActivity" name="exportSessActSelectedRowsForToday" time="0.0">
    <ignored/>
  </testcase> <!-- exportSessActSelectedRowsForToday -->
  <testcase classname="testCases.userRoleTestCases.userRoleSessionActivity" name="verifyTodaySessActGroupSorting" time="0.0">
    <ignored/>
  </testcase> <!-- verifyTodaySessActGroupSorting -->
  <testcase classname="testCases.userRoleTestCases.userRoleSessionActivity" name="verifySessAct100PerPageForCustomDate" time="0.0">
    <ignored/>
  </testcase> <!-- verifySessAct100PerPageForCustomDate -->
  <testcase classname="testCases.userRoleTestCases.userRoleSessionActivity" name="exportSessActSelectedRowsForThisWeek" time="0.0">
    <ignored/>
  </testcase> <!-- exportSessActSelectedRowsForThisWeek -->
  <testcase classname="testCases.userRoleTestCases.userRoleSessionActivity" name="verifyThisMonthSessActStartTimeSorting" time="0.0">
    <ignored/>
  </testcase> <!-- verifyThisMonthSessActStartTimeSorting -->
  <testcase classname="testCases.userRoleTestCases.userRoleSessionActivity" name="verifyTodaySessActDurationSorting" time="0.0">
    <ignored/>
  </testcase> <!-- verifyTodaySessActDurationSorting -->
  <testcase classname="testCases.userRoleTestCases.userRoleSessionActivity" name="verifySessAct25PerPageForThisWeek" time="0.0">
    <ignored/>
  </testcase> <!-- verifySessAct25PerPageForThisWeek -->
  <testcase classname="testCases.userRoleTestCases.userRoleSessionActivity" name="verifyCustomDateSessActINameSorting" time="0.0">
    <ignored/>
  </testcase> <!-- verifyCustomDateSessActINameSorting -->
  <testcase classname="testCases.userRoleTestCases.userRoleSessionActivity" name="verifyTodaySessActHostNameSorting" time="0.0">
    <ignored/>
  </testcase> <!-- verifyTodaySessActHostNameSorting -->
  <testcase classname="testCases.userRoleTestCases.userRoleSessionActivity" name="selFromDateAndIgnoreToDateSessActvty" time="0.0">
    <ignored/>
  </testcase> <!-- selFromDateAndIgnoreToDateSessActvty -->
  <testcase classname="testCases.userRoleTestCases.userRoleSessionActivity" name="verifySessAct25PerPageForCustomDate" time="0.0">
    <ignored/>
  </testcase> <!-- verifySessAct25PerPageForCustomDate -->
  <testcase classname="testCases.userRoleTestCases.userRoleSessionActivity" name="selToDateAndIgnoreFromDateSessActvty" time="0.0">
    <ignored/>
  </testcase> <!-- selToDateAndIgnoreFromDateSessActvty -->
  <testcase classname="testCases.userRoleTestCases.userRoleSessionActivity" name="verifyThisMonthSessActGroupSorting" time="0.0">
    <ignored/>
  </testcase> <!-- verifyThisMonthSessActGroupSorting -->
  <testcase classname="testCases.userRoleTestCases.userRoleSessionActivity" name="verifyCustomDateSessActRefIDSorting" time="0.0">
    <ignored/>
  </testcase> <!-- verifyCustomDateSessActRefIDSorting -->
  <testcase classname="testCases.userRoleTestCases.userRoleSessionActivity" name="verifyThisWeekRangeInSessActivity" time="0.0">
    <ignored/>
  </testcase> <!-- verifyThisWeekRangeInSessActivity -->
  <testcase classname="testCases.userRoleTestCases.userRoleSessionActivity" name="verifyThisWeekSessActDurationSorting" time="0.0">
    <ignored/>
  </testcase> <!-- verifyThisWeekSessActDurationSorting -->
  <testcase classname="testCases.userRoleTestCases.userRoleSessionActivity" name="verifySessAct100PerPageForToday" time="0.0">
    <ignored/>
  </testcase> <!-- verifySessAct100PerPageForToday -->
  <testcase classname="testCases.userRoleTestCases.userRoleSessionActivity" name="verifySessActHostDataInGridForToday" time="0.0">
    <ignored/>
  </testcase> <!-- verifySessActHostDataInGridForToday -->
  <testcase classname="testCases.userRoleTestCases.userRoleSessionActivity" name="exportSelectedRowsSessActForCustomDate" time="0.0">
    <ignored/>
  </testcase> <!-- exportSelectedRowsSessActForCustomDate -->
  <testcase classname="testCases.userRoleTestCases.userRoleSessionActivity" name="verifyCustomDateSessActGroupSorting" time="0.0">
    <ignored/>
  </testcase> <!-- verifyCustomDateSessActGroupSorting -->
  <testcase classname="testCases.userRoleTestCases.userRoleSessionActivity" name="verifySessAct50PerPageForThisWeek" time="0.0">
    <ignored/>
  </testcase> <!-- verifySessAct50PerPageForThisWeek -->
  <testcase classname="testCases.userRoleTestCases.userRoleSessionActivity" name="customDateSessActVerifyHostDataInGrid" time="0.0">
    <ignored/>
  </testcase> <!-- customDateSessActVerifyHostDataInGrid -->
  <testcase classname="testCases.userRoleTestCases.userRoleSessionActivity" name="verifyCustomDateSessActHostNameSorting" time="0.0">
    <ignored/>
  </testcase> <!-- verifyCustomDateSessActHostNameSorting -->
  <testcase classname="testCases.userRoleTestCases.userRoleSessionActivity" name="verifyThisMonthSessActHostNameSorting" time="0.0">
    <ignored/>
  </testcase> <!-- verifyThisMonthSessActHostNameSorting -->
  <testcase classname="testCases.userRoleTestCases.userRoleSessionActivity" name="verifySessAct25PerPageForToday" time="0.0">
    <ignored/>
  </testcase> <!-- verifySessAct25PerPageForToday -->
  <testcase classname="testCases.userRoleTestCases.userRoleSessionActivity" name="exportSessActToday" time="0.0">
    <ignored/>
  </testcase> <!-- exportSessActToday -->
  <testcase classname="testCases.userRoleTestCases.userRoleSessionActivity" name="verifyTodaySessActRefIDSorting" time="0.0">
    <ignored/>
  </testcase> <!-- verifyTodaySessActRefIDSorting -->
  <testcase classname="testCases.userRoleTestCases.userRoleSessionActivity" name="verifySessActHostDataInGridForThisWeek" time="0.0">
    <ignored/>
  </testcase> <!-- verifySessActHostDataInGridForThisWeek -->
</testsuite> <!-- Session Activity -->
