<?xml version="1.0" encoding="UTF-8"?>
<!-- Generated by org.testng.reporters.JUnitXMLReporter -->
<testsuite ignored="51" hostname="01hw1678955" failures="0" tests="5" name="Session Map Today" time="498.597" errors="0" timestamp="2023-01-03T22:46:12 IST">
  <testcase classname="testCases.userRoleTestCases.userRoleSessionMap" name="verifySessMapHostDataInGridForToday" time="73.548"/>
  <testcase classname="testCases.userRoleTestCases.userRoleSessionMap" name="verifySessMap25PerPageForToday" time="80.545"/>
  <testcase classname="testCases.userRoleTestCases.userRoleSessionMap" name="verifySessMap50PerPageForToday" time="80.373"/>
  <testcase classname="testCases.userRoleTestCases.userRoleSessionMap" name="verifySessMap100PerPageForToday" time="80.274"/>
  <testcase classname="testCases.userRoleTestCases.userRoleSessionMap" name="verifyTodayRangeInSessMap" time="94.01"/>
  <testcase classname="testCases.userRoleTestCases.userRoleSessionMap" name="verifySessMap100PerPageForThisWeek" time="0.0">
    <ignored/>
  </testcase> <!-- verifySessMap100PerPageForThisWeek -->
  <testcase classname="testCases.userRoleTestCases.userRoleSessionMap" name="selFromDateAndIgnoreToDateSessMap" time="0.0">
    <ignored/>
  </testcase> <!-- selFromDateAndIgnoreToDateSessMap -->
  <testcase classname="testCases.userRoleTestCases.userRoleSessionMap" name="verifyThisMonthSessMapGroupSorting" time="0.0">
    <ignored/>
  </testcase> <!-- verifyThisMonthSessMapGroupSorting -->
  <testcase classname="testCases.userRoleTestCases.userRoleSessionMap" name="selFromDteGrtrThanToDteSessMap" time="0.0">
    <ignored/>
  </testcase> <!-- selFromDteGrtrThanToDteSessMap -->
  <testcase classname="testCases.userRoleTestCases.userRoleSessionMap" name="verifySessMap25PerPageForThisWeek" time="0.0">
    <ignored/>
  </testcase> <!-- verifySessMap25PerPageForThisWeek -->
  <testcase classname="testCases.userRoleTestCases.userRoleSessionMap" name="verifyCustomDateSessActStartTimeSorting" time="0.0">
    <ignored/>
  </testcase> <!-- verifyCustomDateSessActStartTimeSorting -->
  <testcase classname="testCases.userRoleTestCases.userRoleSessionMap" name="verifyThisMonthSessMapTypeSorting" time="0.0">
    <ignored/>
  </testcase> <!-- verifyThisMonthSessMapTypeSorting -->
  <testcase classname="testCases.userRoleTestCases.userRoleSessionMap" name="verifyThisWeekRangeInSessMap" time="0.0">
    <ignored/>
  </testcase> <!-- verifyThisWeekRangeInSessMap -->
  <testcase classname="testCases.userRoleTestCases.userRoleSessionMap" name="verifyTodaySessMapGroupSorting" time="0.0">
    <ignored/>
  </testcase> <!-- verifyTodaySessMapGroupSorting -->
  <testcase classname="testCases.userRoleTestCases.userRoleSessionMap" name="verifyThisMonthRangeInSessMap" time="0.0">
    <ignored/>
  </testcase> <!-- verifyThisMonthRangeInSessMap -->
  <testcase classname="testCases.userRoleTestCases.userRoleSessionMap" name="verifyThisMonthSessMapDurationSorting" time="0.0">
    <ignored/>
  </testcase> <!-- verifyThisMonthSessMapDurationSorting -->
  <testcase classname="testCases.userRoleTestCases.userRoleSessionMap" name="verifyThisMonthSessMapINameSorting" time="0.0">
    <ignored/>
  </testcase> <!-- verifyThisMonthSessMapINameSorting -->
  <testcase classname="testCases.userRoleTestCases.userRoleSessionMap" name="verifyTodaySessMapTypeSorting" time="0.0">
    <ignored/>
  </testcase> <!-- verifyTodaySessMapTypeSorting -->
  <testcase classname="testCases.userRoleTestCases.userRoleSessionMap" name="verifyCustomDateSessActRefIDSorting" time="0.0">
    <ignored/>
  </testcase> <!-- verifyCustomDateSessActRefIDSorting -->
  <testcase classname="testCases.userRoleTestCases.userRoleSessionMap" name="verifyThisMonthSessMapRefIDSorting" time="0.0">
    <ignored/>
  </testcase> <!-- verifyThisMonthSessMapRefIDSorting -->
  <testcase classname="testCases.userRoleTestCases.userRoleSessionMap" name="verifyThisWeekSessMapStartTimeSorting" time="0.0">
    <ignored/>
  </testcase> <!-- verifyThisWeekSessMapStartTimeSorting -->
  <testcase classname="testCases.userRoleTestCases.userRoleSessionMap" name="verifyThisWeekSessMapDurationSorting" time="0.0">
    <ignored/>
  </testcase> <!-- verifyThisWeekSessMapDurationSorting -->
  <testcase classname="testCases.userRoleTestCases.userRoleSessionMap" name="verifyTodaySessMapDurationSorting" time="0.0">
    <ignored/>
  </testcase> <!-- verifyTodaySessMapDurationSorting -->
  <testcase classname="testCases.userRoleTestCases.userRoleSessionMap" name="verifySessMap25PerPageForCustomDate" time="0.0">
    <ignored/>
  </testcase> <!-- verifySessMap25PerPageForCustomDate -->
  <testcase classname="testCases.userRoleTestCases.userRoleSessionMap" name="selToDateAndIgnoreFromDateSessMap" time="0.0">
    <ignored/>
  </testcase> <!-- selToDateAndIgnoreFromDateSessMap -->
  <testcase classname="testCases.userRoleTestCases.userRoleSessionMap" name="verifySessMapHostDataInGridForThisMonth" time="0.0">
    <ignored/>
  </testcase> <!-- verifySessMapHostDataInGridForThisMonth -->
  <testcase classname="testCases.userRoleTestCases.userRoleSessionMap" name="verifyThisMonthSessMapStartTimeSorting" time="0.0">
    <ignored/>
  </testcase> <!-- verifyThisMonthSessMapStartTimeSorting -->
  <testcase classname="testCases.userRoleTestCases.userRoleSessionMap" name="verifyTodaySessMapStartTimeSorting" time="0.0">
    <ignored/>
  </testcase> <!-- verifyTodaySessMapStartTimeSorting -->
  <testcase classname="testCases.userRoleTestCases.userRoleSessionMap" name="verifyTodaySessMapRefIDSorting" time="0.0">
    <ignored/>
  </testcase> <!-- verifyTodaySessMapRefIDSorting -->
  <testcase classname="testCases.userRoleTestCases.userRoleSessionMap" name="sessionMap_verifyCompanyLogo" time="0.0">
    <ignored/>
  </testcase> <!-- sessionMap_verifyCompanyLogo -->
  <testcase classname="testCases.userRoleTestCases.userRoleSessionMap" name="verifyThisMonthSessMapGuestsSorting" time="0.0">
    <ignored/>
  </testcase> <!-- verifyThisMonthSessMapGuestsSorting -->
  <testcase classname="testCases.userRoleTestCases.userRoleSessionMap" name="verifySessMap50PerPageForThisWeek" time="0.0">
    <ignored/>
  </testcase> <!-- verifySessMap50PerPageForThisWeek -->
  <testcase classname="testCases.userRoleTestCases.userRoleSessionMap" name="verifyThisWeekSessMapGroupSorting" time="0.0">
    <ignored/>
  </testcase> <!-- verifyThisWeekSessMapGroupSorting -->
  <testcase classname="testCases.userRoleTestCases.userRoleSessionMap" name="verifyCustomDateSessActGuestsSorting" time="0.0">
    <ignored/>
  </testcase> <!-- verifyCustomDateSessActGuestsSorting -->
  <testcase classname="testCases.userRoleTestCases.userRoleSessionMap" name="customDateSessMapVerifyHostDataInGrid" time="0.0">
    <ignored/>
  </testcase> <!-- customDateSessMapVerifyHostDataInGrid -->
  <testcase classname="testCases.userRoleTestCases.userRoleSessionMap" name="verifySessMap50PerPageForCustomDate" time="0.0">
    <ignored/>
  </testcase> <!-- verifySessMap50PerPageForCustomDate -->
  <testcase classname="testCases.userRoleTestCases.userRoleSessionMap" name="verifyTodaySessMapINameSorting" time="0.0">
    <ignored/>
  </testcase> <!-- verifyTodaySessMapINameSorting -->
  <testcase classname="testCases.userRoleTestCases.userRoleSessionMap" name="verifyCustomDateSessActGroupSorting" time="0.0">
    <ignored/>
  </testcase> <!-- verifyCustomDateSessActGroupSorting -->
  <testcase classname="testCases.userRoleTestCases.userRoleSessionMap" name="selFromDtNToDTEmptyNSrch" time="0.0">
    <ignored/>
  </testcase> <!-- selFromDtNToDTEmptyNSrch -->
  <testcase classname="testCases.userRoleTestCases.userRoleSessionMap" name="verifySessMap100PerPageForCustomDate" time="0.0">
    <ignored/>
  </testcase> <!-- verifySessMap100PerPageForCustomDate -->
  <testcase classname="testCases.userRoleTestCases.userRoleSessionMap" name="verifyThisWeekSessMapINameSorting" time="0.0">
    <ignored/>
  </testcase> <!-- verifyThisWeekSessMapINameSorting -->
  <testcase classname="testCases.userRoleTestCases.userRoleSessionMap" name="verifyThisMonthSessMapHostNameSorting" time="0.0">
    <ignored/>
  </testcase> <!-- verifyThisMonthSessMapHostNameSorting -->
  <testcase classname="testCases.userRoleTestCases.userRoleSessionMap" name="verifyThisWeekSessMapGuestsSorting" time="0.0">
    <ignored/>
  </testcase> <!-- verifyThisWeekSessMapGuestsSorting -->
  <testcase classname="testCases.userRoleTestCases.userRoleSessionMap" name="verifyCustomDateSessActHostNameSorting" time="0.0">
    <ignored/>
  </testcase> <!-- verifyCustomDateSessActHostNameSorting -->
  <testcase classname="testCases.userRoleTestCases.userRoleSessionMap" name="verifyCustomDateSessActTypeSorting" time="0.0">
    <ignored/>
  </testcase> <!-- verifyCustomDateSessActTypeSorting -->
  <testcase classname="testCases.userRoleTestCases.userRoleSessionMap" name="verifyCustomDateSessActDurationSorting" time="0.0">
    <ignored/>
  </testcase> <!-- verifyCustomDateSessActDurationSorting -->
  <testcase classname="testCases.userRoleTestCases.userRoleSessionMap" name="verifySessMap100PerPageForThisMonth" time="0.0">
    <ignored/>
  </testcase> <!-- verifySessMap100PerPageForThisMonth -->
  <testcase classname="testCases.userRoleTestCases.userRoleSessionMap" name="verifyCustomDateSessActINameSorting" time="0.0">
    <ignored/>
  </testcase> <!-- verifyCustomDateSessActINameSorting -->
  <testcase classname="testCases.userRoleTestCases.userRoleSessionMap" name="verifyThisWeekSessMapRefIDSorting" time="0.0">
    <ignored/>
  </testcase> <!-- verifyThisWeekSessMapRefIDSorting -->
  <testcase classname="testCases.userRoleTestCases.userRoleSessionMap" name="verifyThisWeekSessMapTypeSorting" time="0.0">
    <ignored/>
  </testcase> <!-- verifyThisWeekSessMapTypeSorting -->
  <testcase classname="testCases.userRoleTestCases.userRoleSessionMap" name="verifyTodaySessMapGuestsSorting" time="0.0">
    <ignored/>
  </testcase> <!-- verifyTodaySessMapGuestsSorting -->
  <testcase classname="testCases.userRoleTestCases.userRoleSessionMap" name="verifySessMapHostDataInGridForThisWeek" time="0.0">
    <ignored/>
  </testcase> <!-- verifySessMapHostDataInGridForThisWeek -->
  <testcase classname="testCases.userRoleTestCases.userRoleSessionMap" name="verifySessMap50PerPageForThisMonth" time="0.0">
    <ignored/>
  </testcase> <!-- verifySessMap50PerPageForThisMonth -->
  <testcase classname="testCases.userRoleTestCases.userRoleSessionMap" name="verifyTodaySessMapHostNameSorting" time="0.0">
    <ignored/>
  </testcase> <!-- verifyTodaySessMapHostNameSorting -->
  <testcase classname="testCases.userRoleTestCases.userRoleSessionMap" name="verifySessMap25PerPageForThisMonth" time="0.0">
    <ignored/>
  </testcase> <!-- verifySessMap25PerPageForThisMonth -->
  <testcase classname="testCases.userRoleTestCases.userRoleSessionMap" name="verifyThisWeekSessMapHostNameSorting" time="0.0">
    <ignored/>
  </testcase> <!-- verifyThisWeekSessMapHostNameSorting -->
</testsuite> <!-- Session Map Today -->
